<?xml version="1.0" encoding="UTF-8"?>
<!-- Generated by org.testng.reporters.JUnitReportReporter -->
<testsuite skipped="0" hostname="DESKTOP-11F9497" name="Testcases.Loginapplication" tests="1" failures="0" timestamp="2020-06-13T11:48:43 CDT" time="17.267" errors="0">
  <testcase name="Login" time="17.267" classname="Testcases.Loginapplication"/>
  <system-out/>
</testsuite> <!-- Testcases.Loginapplication -->
